<?xml version="1.0" encoding="UTF-8"?>
<!-- Generated by org.testng.reporters.JUnitXMLReporter -->
<testsuite ignored="1" hostname="AJEESH_RENJINI" failures="0" tests="3" name="edgetest" time="0.19" errors="0" timestamp="2025-07-21T19:35:32 IST">
  <testcase classname="testscripts.ManageNewsTest" name="deletenews" time="0.001">
    <skipped/>
  </testcase> <!-- deletenews -->
  <testcase classname="testscripts.ManageNewsTest" name="editnews" time="0.001">
    <skipped/>
  </testcase> <!-- editnews -->
  <testcase classname="testscripts.ManageNewsTest" name="newssearch" time="0.0">
    <skipped/>
  </testcase> <!-- newssearch -->
  <testcase classname="testscripts.ManageNewsTest" name="addNewNewswithDetails" time="0.0">
    <ignored/>
  </testcase> <!-- addNewNewswithDetails -->
</testsuite> <!-- edgetest -->
