<?xml version="1.0" encoding="UTF-8"?>
<!-- Generated by org.testng.reporters.JUnitXMLReporter -->
<testsuite ignored="3" hostname="AJEESH_RENJINI" failures="1" tests="1" name="mytest" time="0.745" errors="0" timestamp="2025-07-22T15:31:23 IST">
  <testcase classname="testscripts.ManageNewsTest" name="newssearch" time="0.691">
    <failure type="java.lang.NullPointerException" message="Cannot invoke &amp;quot;org.openqa.selenium.SearchContext.findElement(org.openqa.selenium.By)&amp;quot; because &amp;quot;this.searchContext&amp;quot; is null">
      <![CDATA[java.lang.NullPointerException: Cannot invoke "org.openqa.selenium.SearchContext.findElement(org.openqa.selenium.By)" because "this.searchContext" is null
at org.openqa.selenium.support.pagefactory.DefaultElementLocator.findElement(DefaultElementLocator.java:68)
at org.openqa.selenium.support.pagefactory.internal.LocatingElementHandler.invoke(LocatingElementHandler.java:38)
at jdk.proxy2/jdk.proxy2.$Proxy12.sendKeys(Unknown Source)
at pages.LoginPage.loginbyusingexceldata(LoginPage.java:50)
at testscripts.ManageNewsTest.newssearch(ManageNewsTest.java:34)
at java.base/java.util.ArrayList.forEach(ArrayList.java:1597)
... Removed 25 stack frames]]>
    </failure>
  </testcase> <!-- newssearch -->
  <testcase classname="testscripts.ManageNewsTest" name="addNewNewswithDetails" time="0.0">
    <ignored/>
  </testcase> <!-- addNewNewswithDetails -->
  <testcase classname="testscripts.ManageNewsTest" name="editnews" time="0.0">
    <ignored/>
  </testcase> <!-- editnews -->
  <testcase classname="testscripts.ManageNewsTest" name="deletenews" time="0.0">
    <ignored/>
  </testcase> <!-- deletenews -->
</testsuite> <!-- mytest -->
