<?xml version="1.0" encoding="UTF-8"?>
<!-- Generated by org.testng.reporters.JUnitXMLReporter -->
<testsuite ignored="0" hostname="AJEESH_RENJINI" failures="0" tests="14" name="Test" time="111.59" errors="0" timestamp="2025-08-22T19:46:43 IST">
  <testcase classname="testscripts.LoginTest" name="verifyIncorrectUsernameloginwithIncorrectPassword" time="3.014"/>
  <testcase classname="testscripts.LoginTest" name="verifyUserLoginWithIncorrectUsernameWithCorrectPassword" time="1.147"/>
  <testcase classname="testscripts.LoginTest" name="verifyUserloginwithValidCredentials" time="1.54"/>
  <testcase classname="testscripts.LoginTest" name="verifyuserLoginwithValidUsernamewithInvalidpassword" time="1.02"/>
  <testcase classname="testscripts.HomeTest" name="clickhomepagelogout" time="2.788"/>
  <testcase classname="testscripts.AdminUsersTest" name="addnewAdminusersInformationwithValidDetails" time="5.166"/>
  <testcase classname="testscripts.CategoryTest" name="addnewcategorywithValidDetails" time="5.323"/>
  <testcase classname="testscripts.CategoryTest" name="deletecategory" time="3.617"/>
  <testcase classname="testscripts.CategoryTest" name="editcategorylist" time="5.251"/>
  <testcase classname="testscripts.CategoryTest" name="searchcategoryaddeddproducts" time="3.909"/>
  <testcase classname="testscripts.ManageNewsTest" name="addNewNewswithDetails" time="4.059"/>
  <testcase classname="testscripts.ManageNewsTest" name="deletenews" time="3.945"/>
  <testcase classname="testscripts.ManageNewsTest" name="editnews" time="4.378"/>
  <testcase classname="testscripts.ManageNewsTest" name="newssearch" time="3.288"/>
</testsuite> <!-- Test -->
