<?xml version="1.0" encoding="UTF-8"?>
<testng-results ignored="0" total="1" passed="1" failed="0" skipped="0">
  <reporter-output>
  </reporter-output>
  <suite started-at="2025-07-22T19:15:15 IST" name="Suite" finished-at="2025-07-22T19:15:25 IST" duration-ms="9485">
    <groups>
    </groups>
    <test started-at="2025-07-22T19:15:15 IST" name="Test" finished-at="2025-07-22T19:15:25 IST" duration-ms="9485">
      <class name="testscripts.ManageContactTest">
        <test-method is-config="true" signature="initializebrowser(java.lang.String)[pri:0, instance:testscripts.ManageContactTest@64b0598]" started-at="2025-07-22T19:15:15 IST" name="initializebrowser" finished-at="2025-07-22T19:15:20 IST" duration-ms="5113" status="PASS">
          <params>
            <param index="0">
              <value>
                <![CDATA[chrome]]>
              </value>
            </param>
          </params>
          <reporter-output>
          </reporter-output>
        </test-method> <!-- initializebrowser -->
        <test-method signature="editContactusWithValidDetails()[pri:0, instance:testscripts.ManageContactTest@64b0598]" started-at="2025-07-22T19:15:20 IST" name="editContactusWithValidDetails" finished-at="2025-07-22T19:15:24 IST" duration-ms="3914" status="PASS">
          <reporter-output>
          </reporter-output>
        </test-method> <!-- editContactusWithValidDetails -->
        <test-method is-config="true" signature="driverQuit(org.testng.ITestResult)[pri:0, instance:testscripts.ManageContactTest@64b0598]" started-at="2025-07-22T19:15:24 IST" name="driverQuit" finished-at="2025-07-22T19:15:25 IST" duration-ms="400" status="PASS">
          <params>
            <param index="0">
              <value>
                <![CDATA[[TestResult name=editContactusWithValidDetails status=SUCCESS method=ManageContactTest.editContactusWithValidDetails()[pri:0, instance:testscripts.ManageContactTest@64b0598] output={null}]]]>
              </value>
            </param>
          </params>
          <reporter-output>
          </reporter-output>
        </test-method> <!-- driverQuit -->
      </class> <!-- testscripts.ManageContactTest -->
    </test> <!-- Test -->
  </suite> <!-- Suite -->
</testng-results>
