<?xml version="1.0" encoding="UTF-8"?>
<testng-results ignored="0" total="14" passed="14" failed="0" skipped="0">
  <reporter-output>
  </reporter-output>
  <suite started-at="2025-08-22T19:44:50 IST" name="Suite" finished-at="2025-08-22T19:46:42 IST" duration-ms="111590">
    <groups>
      <group name="smoke">
        <method signature="ManageNewsTest.newssearch()[pri:0, instance:testscripts.ManageNewsTest@7905a0b8]" name="newssearch" class="testscripts.ManageNewsTest"/>
      </group> <!-- smoke -->
    </groups>
    <test started-at="2025-08-22T19:44:50 IST" name="Test" finished-at="2025-08-22T19:46:42 IST" duration-ms="111590">
      <class name="testscripts.ManageNewsTest">
        <test-method is-config="true" signature="initializebrowser(java.lang.String)[pri:0, instance:testscripts.ManageNewsTest@7905a0b8]" started-at="2025-08-22T19:46:08 IST" name="initializebrowser" finished-at="2025-08-22T19:46:12 IST" duration-ms="4291" status="PASS">
          <params>
            <param index="0">
              <value>
                <![CDATA[chrome]]>
              </value>
            </param>
          </params>
          <reporter-output>
          </reporter-output>
        </test-method> <!-- initializebrowser -->
        <test-method signature="addNewNewswithDetails()[pri:0, instance:testscripts.ManageNewsTest@7905a0b8]" started-at="2025-08-22T19:46:12 IST" name="addNewNewswithDetails" finished-at="2025-08-22T19:46:17 IST" duration-ms="4059" status="PASS">
          <reporter-output>
          </reporter-output>
        </test-method> <!-- addNewNewswithDetails -->
        <test-method is-config="true" signature="driverQuit(org.testng.ITestResult)[pri:0, instance:testscripts.ManageNewsTest@7905a0b8]" started-at="2025-08-22T19:46:17 IST" name="driverQuit" finished-at="2025-08-22T19:46:17 IST" duration-ms="1" status="PASS">
          <params>
            <param index="0">
              <value>
                <![CDATA[[TestResult name=addNewNewswithDetails status=SUCCESS method=ManageNewsTest.addNewNewswithDetails()[pri:0, instance:testscripts.ManageNewsTest@7905a0b8] output={null}]]]>
              </value>
            </param>
          </params>
          <reporter-output>
          </reporter-output>
        </test-method> <!-- driverQuit -->
        <test-method is-config="true" signature="initializebrowser(java.lang.String)[pri:0, instance:testscripts.ManageNewsTest@7905a0b8]" started-at="2025-08-22T19:46:17 IST" name="initializebrowser" finished-at="2025-08-22T19:46:21 IST" duration-ms="4694" status="PASS">
          <params>
            <param index="0">
              <value>
                <![CDATA[chrome]]>
              </value>
            </param>
          </params>
          <reporter-output>
          </reporter-output>
        </test-method> <!-- initializebrowser -->
        <test-method signature="deletenews()[pri:0, instance:testscripts.ManageNewsTest@7905a0b8]" started-at="2025-08-22T19:46:21 IST" name="deletenews" finished-at="2025-08-22T19:46:25 IST" duration-ms="3945" status="PASS">
          <reporter-output>
          </reporter-output>
        </test-method> <!-- deletenews -->
        <test-method is-config="true" signature="driverQuit(org.testng.ITestResult)[pri:0, instance:testscripts.ManageNewsTest@7905a0b8]" started-at="2025-08-22T19:46:25 IST" name="driverQuit" finished-at="2025-08-22T19:46:25 IST" duration-ms="1" status="PASS">
          <params>
            <param index="0">
              <value>
                <![CDATA[[TestResult name=deletenews status=SUCCESS method=ManageNewsTest.deletenews()[pri:0, instance:testscripts.ManageNewsTest@7905a0b8] output={null}]]]>
              </value>
            </param>
          </params>
          <reporter-output>
          </reporter-output>
        </test-method> <!-- driverQuit -->
        <test-method is-config="true" signature="initializebrowser(java.lang.String)[pri:0, instance:testscripts.ManageNewsTest@7905a0b8]" started-at="2025-08-22T19:46:25 IST" name="initializebrowser" finished-at="2025-08-22T19:46:30 IST" duration-ms="4553" status="PASS">
          <params>
            <param index="0">
              <value>
                <![CDATA[chrome]]>
              </value>
            </param>
          </params>
          <reporter-output>
          </reporter-output>
        </test-method> <!-- initializebrowser -->
        <test-method signature="editnews()[pri:0, instance:testscripts.ManageNewsTest@7905a0b8]" started-at="2025-08-22T19:46:30 IST" name="editnews" finished-at="2025-08-22T19:46:34 IST" duration-ms="4378" status="PASS">
          <reporter-output>
          </reporter-output>
        </test-method> <!-- editnews -->
        <test-method is-config="true" signature="driverQuit(org.testng.ITestResult)[pri:0, instance:testscripts.ManageNewsTest@7905a0b8]" started-at="2025-08-22T19:46:34 IST" name="driverQuit" finished-at="2025-08-22T19:46:34 IST" duration-ms="1" status="PASS">
          <params>
            <param index="0">
              <value>
                <![CDATA[[TestResult name=editnews status=SUCCESS method=ManageNewsTest.editnews()[pri:0, instance:testscripts.ManageNewsTest@7905a0b8] output={null}]]]>
              </value>
            </param>
          </params>
          <reporter-output>
          </reporter-output>
        </test-method> <!-- driverQuit -->
        <test-method is-config="true" signature="initializebrowser(java.lang.String)[pri:0, instance:testscripts.ManageNewsTest@7905a0b8]" started-at="2025-08-22T19:46:34 IST" name="initializebrowser" finished-at="2025-08-22T19:46:39 IST" duration-ms="4415" status="PASS">
          <params>
            <param index="0">
              <value>
                <![CDATA[chrome]]>
              </value>
            </param>
          </params>
          <reporter-output>
          </reporter-output>
        </test-method> <!-- initializebrowser -->
        <test-method signature="newssearch()[pri:0, instance:testscripts.ManageNewsTest@7905a0b8]" started-at="2025-08-22T19:46:39 IST" name="newssearch" finished-at="2025-08-22T19:46:42 IST" duration-ms="3288" status="PASS">
          <reporter-output>
          </reporter-output>
        </test-method> <!-- newssearch -->
        <test-method is-config="true" signature="driverQuit(org.testng.ITestResult)[pri:0, instance:testscripts.ManageNewsTest@7905a0b8]" started-at="2025-08-22T19:46:42 IST" name="driverQuit" finished-at="2025-08-22T19:46:42 IST" duration-ms="2" status="PASS">
          <params>
            <param index="0">
              <value>
                <![CDATA[[TestResult name=newssearch status=SUCCESS method=ManageNewsTest.newssearch()[pri:0, instance:testscripts.ManageNewsTest@7905a0b8] output={null}]]]>
              </value>
            </param>
          </params>
          <reporter-output>
          </reporter-output>
        </test-method> <!-- driverQuit -->
      </class> <!-- testscripts.ManageNewsTest -->
      <class name="testscripts.CategoryTest">
        <test-method is-config="true" signature="initializebrowser(java.lang.String)[pri:0, instance:testscripts.CategoryTest@51bf5add]" started-at="2025-08-22T19:45:31 IST" name="initializebrowser" finished-at="2025-08-22T19:45:36 IST" duration-ms="4325" status="PASS">
          <params>
            <param index="0">
              <value>
                <![CDATA[chrome]]>
              </value>
            </param>
          </params>
          <reporter-output>
          </reporter-output>
        </test-method> <!-- initializebrowser -->
        <test-method signature="addnewcategorywithValidDetails()[pri:0, instance:testscripts.CategoryTest@51bf5add]" started-at="2025-08-22T19:45:36 IST" name="addnewcategorywithValidDetails" finished-at="2025-08-22T19:45:41 IST" duration-ms="5323" status="PASS">
          <reporter-output>
          </reporter-output>
        </test-method> <!-- addnewcategorywithValidDetails -->
        <test-method is-config="true" signature="driverQuit(org.testng.ITestResult)[pri:0, instance:testscripts.CategoryTest@51bf5add]" started-at="2025-08-22T19:45:41 IST" name="driverQuit" finished-at="2025-08-22T19:45:41 IST" duration-ms="1" status="PASS">
          <params>
            <param index="0">
              <value>
                <![CDATA[[TestResult name=addnewcategorywithValidDetails status=SUCCESS method=CategoryTest.addnewcategorywithValidDetails()[pri:0, instance:testscripts.CategoryTest@51bf5add] output={null}]]]>
              </value>
            </param>
          </params>
          <reporter-output>
          </reporter-output>
        </test-method> <!-- driverQuit -->
        <test-method is-config="true" signature="initializebrowser(java.lang.String)[pri:0, instance:testscripts.CategoryTest@51bf5add]" started-at="2025-08-22T19:45:41 IST" name="initializebrowser" finished-at="2025-08-22T19:45:46 IST" duration-ms="5137" status="PASS">
          <params>
            <param index="0">
              <value>
                <![CDATA[chrome]]>
              </value>
            </param>
          </params>
          <reporter-output>
          </reporter-output>
        </test-method> <!-- initializebrowser -->
        <test-method signature="deletecategory()[pri:0, instance:testscripts.CategoryTest@51bf5add]" started-at="2025-08-22T19:45:46 IST" name="deletecategory" finished-at="2025-08-22T19:45:50 IST" duration-ms="3617" status="PASS">
          <reporter-output>
          </reporter-output>
        </test-method> <!-- deletecategory -->
        <test-method is-config="true" signature="driverQuit(org.testng.ITestResult)[pri:0, instance:testscripts.CategoryTest@51bf5add]" started-at="2025-08-22T19:45:50 IST" name="driverQuit" finished-at="2025-08-22T19:45:50 IST" duration-ms="1" status="PASS">
          <params>
            <param index="0">
              <value>
                <![CDATA[[TestResult name=deletecategory status=SUCCESS method=CategoryTest.deletecategory()[pri:0, instance:testscripts.CategoryTest@51bf5add] output={null}]]]>
              </value>
            </param>
          </params>
          <reporter-output>
          </reporter-output>
        </test-method> <!-- driverQuit -->
        <test-method is-config="true" signature="initializebrowser(java.lang.String)[pri:0, instance:testscripts.CategoryTest@51bf5add]" started-at="2025-08-22T19:45:50 IST" name="initializebrowser" finished-at="2025-08-22T19:45:54 IST" duration-ms="4377" status="PASS">
          <params>
            <param index="0">
              <value>
                <![CDATA[chrome]]>
              </value>
            </param>
          </params>
          <reporter-output>
          </reporter-output>
        </test-method> <!-- initializebrowser -->
        <test-method signature="editcategorylist()[pri:0, instance:testscripts.CategoryTest@51bf5add]" started-at="2025-08-22T19:45:54 IST" name="editcategorylist" finished-at="2025-08-22T19:46:00 IST" duration-ms="5251" status="PASS">
          <reporter-output>
          </reporter-output>
        </test-method> <!-- editcategorylist -->
        <test-method is-config="true" signature="driverQuit(org.testng.ITestResult)[pri:0, instance:testscripts.CategoryTest@51bf5add]" started-at="2025-08-22T19:46:00 IST" name="driverQuit" finished-at="2025-08-22T19:46:00 IST" duration-ms="1" status="PASS">
          <params>
            <param index="0">
              <value>
                <![CDATA[[TestResult name=editcategorylist status=SUCCESS method=CategoryTest.editcategorylist()[pri:0, instance:testscripts.CategoryTest@51bf5add] output={null}]]]>
              </value>
            </param>
          </params>
          <reporter-output>
          </reporter-output>
        </test-method> <!-- driverQuit -->
        <test-method is-config="true" signature="initializebrowser(java.lang.String)[pri:0, instance:testscripts.CategoryTest@51bf5add]" started-at="2025-08-22T19:46:00 IST" name="initializebrowser" finished-at="2025-08-22T19:46:04 IST" duration-ms="4720" status="PASS">
          <params>
            <param index="0">
              <value>
                <![CDATA[chrome]]>
              </value>
            </param>
          </params>
          <reporter-output>
          </reporter-output>
        </test-method> <!-- initializebrowser -->
        <test-method signature="searchcategoryaddeddproducts()[pri:0, instance:testscripts.CategoryTest@51bf5add]" started-at="2025-08-22T19:46:04 IST" name="searchcategoryaddeddproducts" finished-at="2025-08-22T19:46:08 IST" duration-ms="3909" status="PASS">
          <reporter-output>
          </reporter-output>
        </test-method> <!-- searchcategoryaddeddproducts -->
        <test-method is-config="true" signature="driverQuit(org.testng.ITestResult)[pri:0, instance:testscripts.CategoryTest@51bf5add]" started-at="2025-08-22T19:46:08 IST" name="driverQuit" finished-at="2025-08-22T19:46:08 IST" duration-ms="1" status="PASS">
          <params>
            <param index="0">
              <value>
                <![CDATA[[TestResult name=searchcategoryaddeddproducts status=SUCCESS method=CategoryTest.searchcategoryaddeddproducts()[pri:0, instance:testscripts.CategoryTest@51bf5add] output={null}]]]>
              </value>
            </param>
          </params>
          <reporter-output>
          </reporter-output>
        </test-method> <!-- driverQuit -->
      </class> <!-- testscripts.CategoryTest -->
      <class name="testscripts.LoginTest">
        <test-method is-config="true" signature="initializebrowser(java.lang.String)[pri:0, instance:testscripts.LoginTest@61710c6]" started-at="2025-08-22T19:44:50 IST" name="initializebrowser" finished-at="2025-08-22T19:44:55 IST" duration-ms="5089" status="PASS">
          <params>
            <param index="0">
              <value>
                <![CDATA[chrome]]>
              </value>
            </param>
          </params>
          <reporter-output>
          </reporter-output>
        </test-method> <!-- initializebrowser -->
        <test-method signature="verifyIncorrectUsernameloginwithIncorrectPassword()[pri:0, instance:testscripts.LoginTest@61710c6]" started-at="2025-08-22T19:44:55 IST" name="verifyIncorrectUsernameloginwithIncorrectPassword" finished-at="2025-08-22T19:44:58 IST" duration-ms="3014" status="PASS">
          <reporter-output>
          </reporter-output>
        </test-method> <!-- verifyIncorrectUsernameloginwithIncorrectPassword -->
        <test-method is-config="true" signature="driverQuit(org.testng.ITestResult)[pri:0, instance:testscripts.LoginTest@61710c6]" started-at="2025-08-22T19:44:58 IST" name="driverQuit" finished-at="2025-08-22T19:44:58 IST" duration-ms="4" status="PASS">
          <params>
            <param index="0">
              <value>
                <![CDATA[[TestResult name=verifyIncorrectUsernameloginwithIncorrectPassword status=SUCCESS method=LoginTest.verifyIncorrectUsernameloginwithIncorrectPassword()[pri:0, instance:testscripts.LoginTest@61710c6] output={null}]]]>
              </value>
            </param>
          </params>
          <reporter-output>
          </reporter-output>
        </test-method> <!-- driverQuit -->
        <test-method is-config="true" signature="initializebrowser(java.lang.String)[pri:0, instance:testscripts.LoginTest@61710c6]" started-at="2025-08-22T19:44:58 IST" name="initializebrowser" finished-at="2025-08-22T19:45:02 IST" duration-ms="4024" status="PASS">
          <params>
            <param index="0">
              <value>
                <![CDATA[chrome]]>
              </value>
            </param>
          </params>
          <reporter-output>
          </reporter-output>
        </test-method> <!-- initializebrowser -->
        <test-method signature="verifyUserLoginWithIncorrectUsernameWithCorrectPassword()[pri:0, instance:testscripts.LoginTest@61710c6]" started-at="2025-08-22T19:45:02 IST" name="verifyUserLoginWithIncorrectUsernameWithCorrectPassword" finished-at="2025-08-22T19:45:04 IST" duration-ms="1147" status="PASS">
          <reporter-output>
          </reporter-output>
        </test-method> <!-- verifyUserLoginWithIncorrectUsernameWithCorrectPassword -->
        <test-method is-config="true" signature="driverQuit(org.testng.ITestResult)[pri:0, instance:testscripts.LoginTest@61710c6]" started-at="2025-08-22T19:45:04 IST" name="driverQuit" finished-at="2025-08-22T19:45:04 IST" duration-ms="1" status="PASS">
          <params>
            <param index="0">
              <value>
                <![CDATA[[TestResult name=verifyUserLoginWithIncorrectUsernameWithCorrectPassword status=SUCCESS method=LoginTest.verifyUserLoginWithIncorrectUsernameWithCorrectPassword()[pri:0, instance:testscripts.LoginTest@61710c6] output={null}]]]>
              </value>
            </param>
          </params>
          <reporter-output>
          </reporter-output>
        </test-method> <!-- driverQuit -->
        <test-method is-config="true" signature="initializebrowser(java.lang.String)[pri:0, instance:testscripts.LoginTest@61710c6]" started-at="2025-08-22T19:45:04 IST" name="initializebrowser" finished-at="2025-08-22T19:45:08 IST" duration-ms="4184" status="PASS">
          <params>
            <param index="0">
              <value>
                <![CDATA[chrome]]>
              </value>
            </param>
          </params>
          <reporter-output>
          </reporter-output>
        </test-method> <!-- initializebrowser -->
        <test-method signature="verifyUserloginwithValidCredentials()[pri:0, instance:testscripts.LoginTest@61710c6]" started-at="2025-08-22T19:45:08 IST" name="verifyUserloginwithValidCredentials" finished-at="2025-08-22T19:45:09 IST" duration-ms="1540" status="PASS">
          <reporter-output>
          </reporter-output>
        </test-method> <!-- verifyUserloginwithValidCredentials -->
        <test-method is-config="true" signature="driverQuit(org.testng.ITestResult)[pri:0, instance:testscripts.LoginTest@61710c6]" started-at="2025-08-22T19:45:09 IST" name="driverQuit" finished-at="2025-08-22T19:45:09 IST" duration-ms="0" status="PASS">
          <params>
            <param index="0">
              <value>
                <![CDATA[[TestResult name=verifyUserloginwithValidCredentials status=SUCCESS method=LoginTest.verifyUserloginwithValidCredentials()[pri:0, instance:testscripts.LoginTest@61710c6] output={null}]]]>
              </value>
            </param>
          </params>
          <reporter-output>
          </reporter-output>
        </test-method> <!-- driverQuit -->
        <test-method is-config="true" signature="initializebrowser(java.lang.String)[pri:0, instance:testscripts.LoginTest@61710c6]" started-at="2025-08-22T19:45:09 IST" name="initializebrowser" finished-at="2025-08-22T19:45:14 IST" duration-ms="4337" status="PASS">
          <params>
            <param index="0">
              <value>
                <![CDATA[chrome]]>
              </value>
            </param>
          </params>
          <reporter-output>
          </reporter-output>
        </test-method> <!-- initializebrowser -->
        <test-method signature="verifyuserLoginwithValidUsernamewithInvalidpassword()[pri:0, instance:testscripts.LoginTest@61710c6]" started-at="2025-08-22T19:45:14 IST" name="verifyuserLoginwithValidUsernamewithInvalidpassword" finished-at="2025-08-22T19:45:15 IST" duration-ms="1020" status="PASS">
          <reporter-output>
          </reporter-output>
        </test-method> <!-- verifyuserLoginwithValidUsernamewithInvalidpassword -->
        <test-method is-config="true" signature="driverQuit(org.testng.ITestResult)[pri:0, instance:testscripts.LoginTest@61710c6]" started-at="2025-08-22T19:45:15 IST" name="driverQuit" finished-at="2025-08-22T19:45:15 IST" duration-ms="0" status="PASS">
          <params>
            <param index="0">
              <value>
                <![CDATA[[TestResult name=verifyuserLoginwithValidUsernamewithInvalidpassword status=SUCCESS method=LoginTest.verifyuserLoginwithValidUsernamewithInvalidpassword()[pri:0, instance:testscripts.LoginTest@61710c6] output={null}]]]>
              </value>
            </param>
          </params>
          <reporter-output>
          </reporter-output>
        </test-method> <!-- driverQuit -->
      </class> <!-- testscripts.LoginTest -->
      <class name="testscripts.AdminUsersTest">
        <test-method is-config="true" signature="initializebrowser(java.lang.String)[pri:0, instance:testscripts.AdminUsersTest@163370c2]" started-at="2025-08-22T19:45:22 IST" name="initializebrowser" finished-at="2025-08-22T19:45:26 IST" duration-ms="4226" status="PASS">
          <params>
            <param index="0">
              <value>
                <![CDATA[chrome]]>
              </value>
            </param>
          </params>
          <reporter-output>
          </reporter-output>
        </test-method> <!-- initializebrowser -->
        <test-method signature="addnewAdminusersInformationwithValidDetails()[pri:0, instance:testscripts.AdminUsersTest@163370c2]" started-at="2025-08-22T19:45:26 IST" name="addnewAdminusersInformationwithValidDetails" finished-at="2025-08-22T19:45:31 IST" duration-ms="5166" status="PASS">
          <reporter-output>
          </reporter-output>
        </test-method> <!-- addnewAdminusersInformationwithValidDetails -->
        <test-method is-config="true" signature="driverQuit(org.testng.ITestResult)[pri:0, instance:testscripts.AdminUsersTest@163370c2]" started-at="2025-08-22T19:45:31 IST" name="driverQuit" finished-at="2025-08-22T19:45:31 IST" duration-ms="2" status="PASS">
          <params>
            <param index="0">
              <value>
                <![CDATA[[TestResult name=addnewAdminusersInformationwithValidDetails status=SUCCESS method=AdminUsersTest.addnewAdminusersInformationwithValidDetails()[pri:0, instance:testscripts.AdminUsersTest@163370c2] output={null}]]]>
              </value>
            </param>
          </params>
          <reporter-output>
          </reporter-output>
        </test-method> <!-- driverQuit -->
      </class> <!-- testscripts.AdminUsersTest -->
      <class name="testscripts.HomeTest">
        <test-method is-config="true" signature="initializebrowser(java.lang.String)[pri:0, instance:testscripts.HomeTest@7de62196]" started-at="2025-08-22T19:45:15 IST" name="initializebrowser" finished-at="2025-08-22T19:45:19 IST" duration-ms="4589" status="PASS">
          <params>
            <param index="0">
              <value>
                <![CDATA[chrome]]>
              </value>
            </param>
          </params>
          <reporter-output>
          </reporter-output>
        </test-method> <!-- initializebrowser -->
        <test-method signature="clickhomepagelogout()[pri:0, instance:testscripts.HomeTest@7de62196]" started-at="2025-08-22T19:45:19 IST" name="clickhomepagelogout" finished-at="2025-08-22T19:45:22 IST" duration-ms="2788" status="PASS">
          <reporter-output>
          </reporter-output>
        </test-method> <!-- clickhomepagelogout -->
        <test-method is-config="true" signature="driverQuit(org.testng.ITestResult)[pri:0, instance:testscripts.HomeTest@7de62196]" started-at="2025-08-22T19:45:22 IST" name="driverQuit" finished-at="2025-08-22T19:45:22 IST" duration-ms="0" status="PASS">
          <params>
            <param index="0">
              <value>
                <![CDATA[[TestResult name=clickhomepagelogout status=SUCCESS method=HomeTest.clickhomepagelogout()[pri:0, instance:testscripts.HomeTest@7de62196] output={null}]]]>
              </value>
            </param>
          </params>
          <reporter-output>
          </reporter-output>
        </test-method> <!-- driverQuit -->
      </class> <!-- testscripts.HomeTest -->
    </test> <!-- Test -->
  </suite> <!-- Suite -->
</testng-results>
