<?xml version="1.0" encoding="UTF-8"?>
<!-- Generated by org.testng.reporters.JUnitXMLReporter -->
<testsuite ignored="3" hostname="AJEESH_RENJINI" failures="0" tests="1" name="mytest" time="6.75" errors="0" timestamp="2025-07-02T22:32:40 IST">
  <testcase classname="testscripts.LoginTest" name="verifyUserloginwithValidCredentials" time="1.26"/>
  <testcase classname="testscripts.LoginTest" name="verifyIncorrectUsernameloginwithIncorrectPassword" time="0.0">
    <ignored/>
  </testcase> <!-- verifyIncorrectUsernameloginwithIncorrectPassword -->
  <testcase classname="testscripts.LoginTest" name="verifyUserLoginWithIncorrectUsernameWithCorrectPassword" time="0.0">
    <ignored/>
  </testcase> <!-- verifyUserLoginWithIncorrectUsernameWithCorrectPassword -->
  <testcase classname="testscripts.LoginTest" name="verifyuserLoginwithValidUsernamewithInvalidpassword" time="0.0">
    <ignored/>
  </testcase> <!-- verifyuserLoginwithValidUsernamewithInvalidpassword -->
</testsuite> <!-- mytest -->
